2019-12-09 13:47:39,775 INFO o.a.j.u.JMeterUtils: Setting Locale to en_EN
2019-12-09 13:47:39,818 INFO o.a.j.JMeter: Loading user properties from: /Users/sahabt/Documents/Personal/apache-jmeter-5.1.1/bin/user.properties
2019-12-09 13:47:39,819 INFO o.a.j.JMeter: Loading system properties from: /Users/sahabt/Documents/Personal/apache-jmeter-5.1.1/bin/system.properties
2019-12-09 13:47:39,826 INFO o.a.j.JMeter: Copyright (c) 1998-2019 The Apache Software Foundation
2019-12-09 13:47:39,826 INFO o.a.j.JMeter: Version 5.1.1 r1855137
2019-12-09 13:47:39,826 INFO o.a.j.JMeter: java.version=1.8.0_221
2019-12-09 13:47:39,827 INFO o.a.j.JMeter: java.vm.name=Java HotSpot(TM) 64-Bit Server VM
2019-12-09 13:47:39,827 INFO o.a.j.JMeter: os.name=Mac OS X
2019-12-09 13:47:39,827 INFO o.a.j.JMeter: os.arch=x86_64
2019-12-09 13:47:39,827 INFO o.a.j.JMeter: os.version=10.14.6
2019-12-09 13:47:39,827 INFO o.a.j.JMeter: file.encoding=UTF-8
2019-12-09 13:47:39,827 INFO o.a.j.JMeter: java.awt.headless=true
2019-12-09 13:47:39,827 INFO o.a.j.JMeter: Max memory     =1073741824
2019-12-09 13:47:39,827 INFO o.a.j.JMeter: Available Processors =4
2019-12-09 13:47:39,844 INFO o.a.j.JMeter: Default Locale=English (EN)
2019-12-09 13:47:39,844 INFO o.a.j.JMeter: JMeter  Locale=English (EN)
2019-12-09 13:47:39,844 INFO o.a.j.JMeter: JMeterHome=/Users/sahabt/Documents/Personal/apache-jmeter-5.1.1
2019-12-09 13:47:39,844 INFO o.a.j.JMeter: user.dir  =/Users/sahabt/Documents/Personal/Spring-Jenkins
2019-12-09 13:47:39,845 INFO o.a.j.JMeter: PWD       =/Users/sahabt/Documents/Personal/Spring-Jenkins
2019-12-09 13:47:39,847 INFO o.a.j.JMeter: IP: 192.168.60.88 Name: sahaBTs-MacBook-Pro.local FullName: 192.168.60.88
2019-12-09 13:47:39,850 INFO o.a.j.s.FileServer: Default base='/Users/sahabt/Documents/Personal/Spring-Jenkins'
2019-12-09 13:47:39,855 INFO o.a.j.s.FileServer: Set new base='/Users/sahabt/Documents/Personal/Spring-Jenkins'
2019-12-09 13:47:40,031 INFO o.a.j.s.SaveService: Testplan (JMX) version: 2.2. Testlog (JTL) version: 2.2
2019-12-09 13:47:40,049 INFO o.a.j.s.SaveService: Using SaveService properties file encoding UTF-8
2019-12-09 13:47:40,054 INFO o.a.j.s.SaveService: Using SaveService properties version 5.0
2019-12-09 13:47:40,061 INFO o.a.j.s.SaveService: Loading file: /Users/sahabt/Documents/Personal/Spring-Jenkins/LoadTest.jmx
2019-12-09 13:47:40,113 INFO o.a.j.p.h.s.HTTPSamplerBase: Parser for text/html is org.apache.jmeter.protocol.http.parser.LagartoBasedHtmlParser
2019-12-09 13:47:40,113 INFO o.a.j.p.h.s.HTTPSamplerBase: Parser for application/xhtml+xml is org.apache.jmeter.protocol.http.parser.LagartoBasedHtmlParser
2019-12-09 13:47:40,113 INFO o.a.j.p.h.s.HTTPSamplerBase: Parser for application/xml is org.apache.jmeter.protocol.http.parser.LagartoBasedHtmlParser
2019-12-09 13:47:40,114 INFO o.a.j.p.h.s.HTTPSamplerBase: Parser for text/xml is org.apache.jmeter.protocol.http.parser.LagartoBasedHtmlParser
2019-12-09 13:47:40,114 INFO o.a.j.p.h.s.HTTPSamplerBase: Parser for text/vnd.wap.wml is org.apache.jmeter.protocol.http.parser.RegexpHTMLParser
2019-12-09 13:47:40,114 INFO o.a.j.p.h.s.HTTPSamplerBase: Parser for text/css is org.apache.jmeter.protocol.http.parser.CssParser
2019-12-09 13:47:40,139 INFO o.a.j.JMeter: Creating summariser <summary>
2019-12-09 13:47:40,144 INFO o.a.j.e.StandardJMeterEngine: Running the test!
2019-12-09 13:47:40,145 INFO o.a.j.s.SampleEvent: List of sample_variables: []
2019-12-09 13:47:40,145 INFO o.a.j.s.SampleEvent: List of sample_variables: []
2019-12-09 13:47:40,151 INFO o.a.j.e.u.CompoundVariable: Note: Function class names must contain the string: '.functions.'
2019-12-09 13:47:40,152 INFO o.a.j.e.u.CompoundVariable: Note: Function class names must not contain the string: '.gui.'
2019-12-09 13:47:40,610 INFO o.a.j.JMeter: Running test (1575888460610)
2019-12-09 13:47:40,647 INFO o.a.j.e.StandardJMeterEngine: Starting ThreadGroup: 1 : Thread Group
2019-12-09 13:47:40,647 INFO o.a.j.e.StandardJMeterEngine: Starting 100 threads for group Thread Group.
2019-12-09 13:47:40,647 INFO o.a.j.e.StandardJMeterEngine: Thread will continue on error
2019-12-09 13:47:40,648 INFO o.a.j.t.ThreadGroup: Starting thread group... number=1 threads=100 ramp-up=1 delayedStart=false
2019-12-09 13:47:40,655 INFO o.a.j.t.JMeterThread: Thread started: Thread Group 1-1
2019-12-09 13:47:40,661 INFO o.a.j.t.JMeterThread: Thread started: Thread Group 1-2
2019-12-09 13:47:40,669 INFO o.a.j.t.JMeterThread: Thread started: Thread Group 1-3
2019-12-09 13:47:40,683 INFO o.a.j.t.JMeterThread: Thread started: Thread Group 1-4
2019-12-09 13:47:40,689 INFO o.a.j.t.JMeterThread: Thread started: Thread Group 1-5
2019-12-09 13:47:40,694 INFO o.a.j.p.h.s.HTTPHCAbstractImpl: Local host = sahaBTs-MacBook-Pro.local
2019-12-09 13:47:40,699 INFO o.a.j.t.JMeterThread: Thread started: Thread Group 1-6
2019-12-09 13:47:40,708 INFO o.a.j.p.h.s.HTTPHC4Impl: HTTP request retry count = 0
2019-12-09 13:47:40,711 INFO o.a.j.t.JMeterThread: Thread started: Thread Group 1-7
2019-12-09 13:47:40,712 INFO o.a.j.s.SampleResult: Note: Sample TimeStamps are START times
2019-12-09 13:47:40,712 INFO o.a.j.s.SampleResult: sampleresult.default.encoding is set to ISO-8859-1
2019-12-09 13:47:40,712 INFO o.a.j.s.SampleResult: sampleresult.useNanoTime=true
2019-12-09 13:47:40,713 INFO o.a.j.s.SampleResult: sampleresult.nanoThreadSleep=5000
2019-12-09 13:47:40,719 INFO o.a.j.t.JMeterThread: Thread started: Thread Group 1-8
2019-12-09 13:47:40,727 INFO o.a.j.t.ThreadGroup: Started thread group number 1
2019-12-09 13:47:40,728 INFO o.a.j.e.StandardJMeterEngine: All thread groups have been started
2019-12-09 13:47:40,730 INFO o.a.j.t.JMeterThread: Thread started: Thread Group 1-9
2019-12-09 13:47:40,740 INFO o.a.j.t.JMeterThread: Thread started: Thread Group 1-10
2019-12-09 13:47:40,750 INFO o.a.j.t.JMeterThread: Thread started: Thread Group 1-11
2019-12-09 13:47:40,760 INFO o.a.j.t.JMeterThread: Thread started: Thread Group 1-12
2019-12-09 13:47:40,770 INFO o.a.j.t.JMeterThread: Thread started: Thread Group 1-13
2019-12-09 13:47:40,781 INFO o.a.j.t.JMeterThread: Thread started: Thread Group 1-14
2019-12-09 13:47:40,789 INFO o.a.j.t.JMeterThread: Thread started: Thread Group 1-15
2019-12-09 13:47:40,799 INFO o.a.j.t.JMeterThread: Thread started: Thread Group 1-16
2019-12-09 13:47:40,811 INFO o.a.j.t.JMeterThread: Thread started: Thread Group 1-17
2019-12-09 13:47:40,822 INFO o.a.j.t.JMeterThread: Thread started: Thread Group 1-18
2019-12-09 13:47:40,829 INFO o.a.j.t.JMeterThread: Thread started: Thread Group 1-19
2019-12-09 13:47:40,839 INFO o.a.j.t.JMeterThread: Thread started: Thread Group 1-20
2019-12-09 13:47:40,850 INFO o.a.j.t.JMeterThread: Thread started: Thread Group 1-21
2019-12-09 13:47:40,864 INFO o.a.j.t.JMeterThread: Thread started: Thread Group 1-22
2019-12-09 13:47:40,869 INFO o.a.j.t.JMeterThread: Thread started: Thread Group 1-23
2019-12-09 13:47:40,879 INFO o.a.j.t.JMeterThread: Thread started: Thread Group 1-24
2019-12-09 13:47:40,891 INFO o.a.j.t.JMeterThread: Thread started: Thread Group 1-25
2019-12-09 13:47:40,903 INFO o.a.j.t.JMeterThread: Thread started: Thread Group 1-26
2019-12-09 13:47:40,909 INFO o.a.j.t.JMeterThread: Thread started: Thread Group 1-27
2019-12-09 13:47:40,921 INFO o.a.j.t.JMeterThread: Thread started: Thread Group 1-28
2019-12-09 13:47:40,930 INFO o.a.j.t.JMeterThread: Thread started: Thread Group 1-29
2019-12-09 13:47:40,941 INFO o.a.j.t.JMeterThread: Thread started: Thread Group 1-30
2019-12-09 13:47:40,952 INFO o.a.j.t.JMeterThread: Thread started: Thread Group 1-31
2019-12-09 13:47:40,954 INFO o.a.j.u.JsseSSLManager: Using default SSL protocol: TLS
2019-12-09 13:47:40,954 INFO o.a.j.u.JsseSSLManager: SSL session context: per-thread
2019-12-09 13:47:40,961 INFO o.a.j.t.JMeterThread: Thread started: Thread Group 1-32
2019-12-09 13:47:40,972 INFO o.a.j.t.JMeterThread: Thread started: Thread Group 1-33
2019-12-09 13:47:40,973 INFO o.a.j.t.JMeterThread: Thread is done: Thread Group 1-30
2019-12-09 13:47:40,974 INFO o.a.j.t.JMeterThread: Thread finished: Thread Group 1-30
2019-12-09 13:47:40,983 INFO o.a.j.t.JMeterThread: Thread is done: Thread Group 1-31
2019-12-09 13:47:40,983 INFO o.a.j.t.JMeterThread: Thread finished: Thread Group 1-31
2019-12-09 13:47:40,985 INFO o.a.j.t.JMeterThread: Thread started: Thread Group 1-34
2019-12-09 13:47:40,996 INFO o.a.j.t.JMeterThread: Thread started: Thread Group 1-35
2019-12-09 13:47:40,996 INFO o.a.j.t.JMeterThread: Thread is done: Thread Group 1-8
2019-12-09 13:47:40,996 INFO o.a.j.t.JMeterThread: Thread finished: Thread Group 1-8
2019-12-09 13:47:40,998 INFO o.a.j.t.JMeterThread: Thread is done: Thread Group 1-24
2019-12-09 13:47:40,998 INFO o.a.j.t.JMeterThread: Thread finished: Thread Group 1-24
2019-12-09 13:47:40,999 INFO o.a.j.t.JMeterThread: Thread is done: Thread Group 1-2
2019-12-09 13:47:40,999 INFO o.a.j.t.JMeterThread: Thread finished: Thread Group 1-2
2019-12-09 13:47:41,001 INFO o.a.j.t.JMeterThread: Thread is done: Thread Group 1-10
2019-12-09 13:47:41,001 INFO o.a.j.t.JMeterThread: Thread finished: Thread Group 1-10
2019-12-09 13:47:41,001 INFO o.a.j.t.JMeterThread: Thread started: Thread Group 1-36
2019-12-09 13:47:41,007 INFO o.a.j.t.JMeterThread: Thread is done: Thread Group 1-32
2019-12-09 13:47:41,007 INFO o.a.j.t.JMeterThread: Thread is done: Thread Group 1-22
2019-12-09 13:47:41,008 INFO o.a.j.t.JMeterThread: Thread finished: Thread Group 1-32
2019-12-09 13:47:41,008 INFO o.a.j.t.JMeterThread: Thread finished: Thread Group 1-22
2019-12-09 13:47:41,011 INFO o.a.j.t.JMeterThread: Thread is done: Thread Group 1-33
2019-12-09 13:47:41,011 INFO o.a.j.t.JMeterThread: Thread finished: Thread Group 1-33
2019-12-09 13:47:41,014 INFO o.a.j.t.JMeterThread: Thread started: Thread Group 1-37
2019-12-09 13:47:41,019 INFO o.a.j.t.JMeterThread: Thread is done: Thread Group 1-36
2019-12-09 13:47:41,019 INFO o.a.j.t.JMeterThread: Thread is done: Thread Group 1-16
2019-12-09 13:47:41,019 INFO o.a.j.t.JMeterThread: Thread finished: Thread Group 1-36
2019-12-09 13:47:41,019 INFO o.a.j.t.JMeterThread: Thread is done: Thread Group 1-17
2019-12-09 13:47:41,020 INFO o.a.j.t.JMeterThread: Thread finished: Thread Group 1-17
2019-12-09 13:47:41,024 INFO o.a.j.t.JMeterThread: Thread finished: Thread Group 1-16
2019-12-09 13:47:41,025 INFO o.a.j.t.JMeterThread: Thread started: Thread Group 1-38
2019-12-09 13:47:41,030 INFO o.a.j.t.JMeterThread: Thread is done: Thread Group 1-35
2019-12-09 13:47:41,031 INFO o.a.j.t.JMeterThread: Thread finished: Thread Group 1-35
2019-12-09 13:47:41,032 INFO o.a.j.t.JMeterThread: Thread started: Thread Group 1-39
2019-12-09 13:47:41,041 INFO o.a.j.t.JMeterThread: Thread is done: Thread Group 1-34
2019-12-09 13:47:41,041 INFO o.a.j.t.JMeterThread: Thread finished: Thread Group 1-34
2019-12-09 13:47:41,043 INFO o.a.j.t.JMeterThread: Thread started: Thread Group 1-40
2019-12-09 13:47:41,045 INFO o.a.j.t.JMeterThread: Thread is done: Thread Group 1-14
2019-12-09 13:47:41,045 INFO o.a.j.t.JMeterThread: Thread finished: Thread Group 1-14
2019-12-09 13:47:41,048 INFO o.a.j.t.JMeterThread: Thread is done: Thread Group 1-37
2019-12-09 13:47:41,048 INFO o.a.j.t.JMeterThread: Thread finished: Thread Group 1-37
2019-12-09 13:47:41,053 INFO o.a.j.t.JMeterThread: Thread started: Thread Group 1-41
2019-12-09 13:47:41,053 INFO o.a.j.t.JMeterThread: Thread is done: Thread Group 1-39
2019-12-09 13:47:41,053 INFO o.a.j.t.JMeterThread: Thread finished: Thread Group 1-39
2019-12-09 13:47:41,055 INFO o.a.j.t.JMeterThread: Thread is done: Thread Group 1-38
2019-12-09 13:47:41,055 INFO o.a.j.t.JMeterThread: Thread finished: Thread Group 1-38
2019-12-09 13:47:41,058 INFO o.a.j.t.JMeterThread: Thread is done: Thread Group 1-40
2019-12-09 13:47:41,059 INFO o.a.j.t.JMeterThread: Thread finished: Thread Group 1-40
2019-12-09 13:47:41,059 INFO o.a.j.t.JMeterThread: Thread started: Thread Group 1-42
2019-12-09 13:47:41,063 INFO o.a.j.t.JMeterThread: Thread is done: Thread Group 1-41
2019-12-09 13:47:41,064 INFO o.a.j.t.JMeterThread: Thread finished: Thread Group 1-41
2019-12-09 13:47:41,069 INFO o.a.j.t.JMeterThread: Thread started: Thread Group 1-43
2019-12-09 13:47:41,070 INFO o.a.j.t.JMeterThread: Thread is done: Thread Group 1-42
2019-12-09 13:47:41,070 INFO o.a.j.t.JMeterThread: Thread is done: Thread Group 1-7
2019-12-09 13:47:41,070 INFO o.a.j.t.JMeterThread: Thread finished: Thread Group 1-42
2019-12-09 13:47:41,071 INFO o.a.j.t.JMeterThread: Thread finished: Thread Group 1-7
2019-12-09 13:47:41,080 INFO o.a.j.t.JMeterThread: Thread started: Thread Group 1-44
2019-12-09 13:47:41,087 INFO o.a.j.t.JMeterThread: Thread is done: Thread Group 1-43
2019-12-09 13:47:41,087 INFO o.a.j.t.JMeterThread: Thread finished: Thread Group 1-43
2019-12-09 13:47:41,092 INFO o.a.j.t.JMeterThread: Thread started: Thread Group 1-45
2019-12-09 13:47:41,096 INFO o.a.j.t.JMeterThread: Thread is done: Thread Group 1-15
2019-12-09 13:47:41,096 INFO o.a.j.t.JMeterThread: Thread finished: Thread Group 1-15
2019-12-09 13:47:41,099 INFO o.a.j.t.JMeterThread: Thread is done: Thread Group 1-9
2019-12-09 13:47:41,100 INFO o.a.j.t.JMeterThread: Thread finished: Thread Group 1-9
2019-12-09 13:47:41,101 INFO o.a.j.t.JMeterThread: Thread started: Thread Group 1-46
2019-12-09 13:47:41,108 INFO o.a.j.t.JMeterThread: Thread is done: Thread Group 1-26
2019-12-09 13:47:41,108 INFO o.a.j.t.JMeterThread: Thread finished: Thread Group 1-26
2019-12-09 13:47:41,109 INFO o.a.j.t.JMeterThread: Thread is done: Thread Group 1-1
2019-12-09 13:47:41,109 INFO o.a.j.t.JMeterThread: Thread finished: Thread Group 1-1
2019-12-09 13:47:41,109 INFO o.a.j.t.JMeterThread: Thread started: Thread Group 1-47
2019-12-09 13:47:41,111 INFO o.a.j.t.JMeterThread: Thread is done: Thread Group 1-28
2019-12-09 13:47:41,111 INFO o.a.j.t.JMeterThread: Thread finished: Thread Group 1-28
2019-12-09 13:47:41,115 INFO o.a.j.t.JMeterThread: Thread is done: Thread Group 1-20
2019-12-09 13:47:41,115 INFO o.a.j.t.JMeterThread: Thread finished: Thread Group 1-20
2019-12-09 13:47:41,120 INFO o.a.j.t.JMeterThread: Thread is done: Thread Group 1-23
2019-12-09 13:47:41,120 INFO o.a.j.t.JMeterThread: Thread is done: Thread Group 1-3
2019-12-09 13:47:41,120 INFO o.a.j.t.JMeterThread: Thread finished: Thread Group 1-3
2019-12-09 13:47:41,120 INFO o.a.j.t.JMeterThread: Thread finished: Thread Group 1-23
2019-12-09 13:47:41,120 INFO o.a.j.t.JMeterThread: Thread started: Thread Group 1-48
2019-12-09 13:47:41,121 INFO o.a.j.t.JMeterThread: Thread is done: Thread Group 1-21
2019-12-09 13:47:41,121 INFO o.a.j.t.JMeterThread: Thread finished: Thread Group 1-21
2019-12-09 13:47:41,124 INFO o.a.j.t.JMeterThread: Thread is done: Thread Group 1-12
2019-12-09 13:47:41,124 INFO o.a.j.t.JMeterThread: Thread finished: Thread Group 1-12
2019-12-09 13:47:41,127 INFO o.a.j.t.JMeterThread: Thread is done: Thread Group 1-4
2019-12-09 13:47:41,127 INFO o.a.j.t.JMeterThread: Thread finished: Thread Group 1-4
2019-12-09 13:47:41,129 INFO o.a.j.t.JMeterThread: Thread started: Thread Group 1-49
2019-12-09 13:47:41,130 INFO o.a.j.t.JMeterThread: Thread is done: Thread Group 1-44
2019-12-09 13:47:41,130 INFO o.a.j.t.JMeterThread: Thread finished: Thread Group 1-44
2019-12-09 13:47:41,137 INFO o.a.j.t.JMeterThread: Thread is done: Thread Group 1-27
2019-12-09 13:47:41,137 INFO o.a.j.t.JMeterThread: Thread is done: Thread Group 1-29
2019-12-09 13:47:41,137 INFO o.a.j.t.JMeterThread: Thread finished: Thread Group 1-27
2019-12-09 13:47:41,138 INFO o.a.j.t.JMeterThread: Thread finished: Thread Group 1-29
2019-12-09 13:47:41,140 INFO o.a.j.t.JMeterThread: Thread started: Thread Group 1-50
2019-12-09 13:47:41,141 INFO o.a.j.t.JMeterThread: Thread is done: Thread Group 1-11
2019-12-09 13:47:41,141 INFO o.a.j.t.JMeterThread: Thread finished: Thread Group 1-11
2019-12-09 13:47:41,142 INFO o.a.j.t.JMeterThread: Thread is done: Thread Group 1-25
2019-12-09 13:47:41,143 INFO o.a.j.t.JMeterThread: Thread finished: Thread Group 1-25
2019-12-09 13:47:41,144 INFO o.a.j.t.JMeterThread: Thread is done: Thread Group 1-13
2019-12-09 13:47:41,144 INFO o.a.j.t.JMeterThread: Thread finished: Thread Group 1-13
2019-12-09 13:47:41,145 INFO o.a.j.t.JMeterThread: Thread is done: Thread Group 1-19
2019-12-09 13:47:41,146 INFO o.a.j.t.JMeterThread: Thread finished: Thread Group 1-19
2019-12-09 13:47:41,150 INFO o.a.j.t.JMeterThread: Thread started: Thread Group 1-51
2019-12-09 13:47:41,152 INFO o.a.j.t.JMeterThread: Thread is done: Thread Group 1-48
2019-12-09 13:47:41,152 INFO o.a.j.t.JMeterThread: Thread is done: Thread Group 1-47
2019-12-09 13:47:41,152 INFO o.a.j.t.JMeterThread: Thread finished: Thread Group 1-48
2019-12-09 13:47:41,153 INFO o.a.j.t.JMeterThread: Thread is done: Thread Group 1-18
2019-12-09 13:47:41,153 INFO o.a.j.t.JMeterThread: Thread finished: Thread Group 1-18
2019-12-09 13:47:41,154 INFO o.a.j.t.JMeterThread: Thread finished: Thread Group 1-47
2019-12-09 13:47:41,157 INFO o.a.j.t.JMeterThread: Thread is done: Thread Group 1-45
2019-12-09 13:47:41,157 INFO o.a.j.t.JMeterThread: Thread is done: Thread Group 1-46
2019-12-09 13:47:41,158 INFO o.a.j.t.JMeterThread: Thread finished: Thread Group 1-45
2019-12-09 13:47:41,158 INFO o.a.j.t.JMeterThread: Thread finished: Thread Group 1-46
2019-12-09 13:47:41,158 INFO o.a.j.t.JMeterThread: Thread is done: Thread Group 1-49
2019-12-09 13:47:41,158 INFO o.a.j.t.JMeterThread: Thread finished: Thread Group 1-49
2019-12-09 13:47:41,159 INFO o.a.j.t.JMeterThread: Thread started: Thread Group 1-52
2019-12-09 13:47:41,160 INFO o.a.j.t.JMeterThread: Thread is done: Thread Group 1-6
2019-12-09 13:47:41,160 INFO o.a.j.t.JMeterThread: Thread finished: Thread Group 1-6
2019-12-09 13:47:41,161 INFO o.a.j.t.JMeterThread: Thread is done: Thread Group 1-50
2019-12-09 13:47:41,161 INFO o.a.j.t.JMeterThread: Thread finished: Thread Group 1-50
2019-12-09 13:47:41,164 INFO o.a.j.t.JMeterThread: Thread is done: Thread Group 1-51
2019-12-09 13:47:41,164 INFO o.a.j.t.JMeterThread: Thread finished: Thread Group 1-51
2019-12-09 13:47:41,170 INFO o.a.j.t.JMeterThread: Thread started: Thread Group 1-53
2019-12-09 13:47:41,171 INFO o.a.j.t.JMeterThread: Thread is done: Thread Group 1-52
2019-12-09 13:47:41,171 INFO o.a.j.t.JMeterThread: Thread finished: Thread Group 1-52
2019-12-09 13:47:41,172 INFO o.a.j.t.JMeterThread: Thread is done: Thread Group 1-5
2019-12-09 13:47:41,172 INFO o.a.j.t.JMeterThread: Thread finished: Thread Group 1-5
2019-12-09 13:47:41,181 INFO o.a.j.t.JMeterThread: Thread is done: Thread Group 1-53
2019-12-09 13:47:41,181 INFO o.a.j.t.JMeterThread: Thread finished: Thread Group 1-53
2019-12-09 13:47:41,184 INFO o.a.j.t.JMeterThread: Thread started: Thread Group 1-54
2019-12-09 13:47:41,189 INFO o.a.j.t.JMeterThread: Thread started: Thread Group 1-55
2019-12-09 13:47:41,194 INFO o.a.j.t.JMeterThread: Thread is done: Thread Group 1-54
2019-12-09 13:47:41,195 INFO o.a.j.t.JMeterThread: Thread finished: Thread Group 1-54
2019-12-09 13:47:41,200 INFO o.a.j.t.JMeterThread: Thread is done: Thread Group 1-55
2019-12-09 13:47:41,200 INFO o.a.j.t.JMeterThread: Thread finished: Thread Group 1-55
2019-12-09 13:47:41,201 INFO o.a.j.t.JMeterThread: Thread started: Thread Group 1-56
2019-12-09 13:47:41,209 INFO o.a.j.t.JMeterThread: Thread started: Thread Group 1-57
2019-12-09 13:47:41,213 INFO o.a.j.t.JMeterThread: Thread is done: Thread Group 1-56
2019-12-09 13:47:41,213 INFO o.a.j.t.JMeterThread: Thread finished: Thread Group 1-56
2019-12-09 13:47:41,220 INFO o.a.j.t.JMeterThread: Thread is done: Thread Group 1-57
2019-12-09 13:47:41,220 INFO o.a.j.t.JMeterThread: Thread finished: Thread Group 1-57
2019-12-09 13:47:41,222 INFO o.a.j.t.JMeterThread: Thread started: Thread Group 1-58
2019-12-09 13:47:41,233 INFO o.a.j.t.JMeterThread: Thread is done: Thread Group 1-58
2019-12-09 13:47:41,233 INFO o.a.j.t.JMeterThread: Thread finished: Thread Group 1-58
2019-12-09 13:47:41,233 INFO o.a.j.t.JMeterThread: Thread started: Thread Group 1-59
2019-12-09 13:47:41,240 INFO o.a.j.t.JMeterThread: Thread started: Thread Group 1-60
2019-12-09 13:47:41,244 INFO o.a.j.t.JMeterThread: Thread is done: Thread Group 1-59
2019-12-09 13:47:41,244 INFO o.a.j.t.JMeterThread: Thread finished: Thread Group 1-59
2019-12-09 13:47:41,249 INFO o.a.j.t.JMeterThread: Thread started: Thread Group 1-61
2019-12-09 13:47:41,251 INFO o.a.j.t.JMeterThread: Thread is done: Thread Group 1-60
2019-12-09 13:47:41,251 INFO o.a.j.t.JMeterThread: Thread finished: Thread Group 1-60
2019-12-09 13:47:41,259 INFO o.a.j.t.JMeterThread: Thread started: Thread Group 1-62
2019-12-09 13:47:41,259 INFO o.a.j.t.JMeterThread: Thread is done: Thread Group 1-61
2019-12-09 13:47:41,260 INFO o.a.j.t.JMeterThread: Thread finished: Thread Group 1-61
2019-12-09 13:47:41,269 INFO o.a.j.t.JMeterThread: Thread started: Thread Group 1-63
2019-12-09 13:47:41,270 INFO o.a.j.t.JMeterThread: Thread is done: Thread Group 1-62
2019-12-09 13:47:41,270 INFO o.a.j.t.JMeterThread: Thread finished: Thread Group 1-62
2019-12-09 13:47:41,279 INFO o.a.j.t.JMeterThread: Thread started: Thread Group 1-64
2019-12-09 13:47:41,280 INFO o.a.j.t.JMeterThread: Thread is done: Thread Group 1-63
2019-12-09 13:47:41,280 INFO o.a.j.t.JMeterThread: Thread finished: Thread Group 1-63
2019-12-09 13:47:41,291 INFO o.a.j.t.JMeterThread: Thread is done: Thread Group 1-64
2019-12-09 13:47:41,291 INFO o.a.j.t.JMeterThread: Thread finished: Thread Group 1-64
2019-12-09 13:47:41,291 INFO o.a.j.t.JMeterThread: Thread started: Thread Group 1-65
2019-12-09 13:47:41,300 INFO o.a.j.t.JMeterThread: Thread started: Thread Group 1-66
2019-12-09 13:47:41,303 INFO o.a.j.t.JMeterThread: Thread is done: Thread Group 1-65
2019-12-09 13:47:41,303 INFO o.a.j.t.JMeterThread: Thread finished: Thread Group 1-65
2019-12-09 13:47:41,309 INFO o.a.j.t.JMeterThread: Thread started: Thread Group 1-67
2019-12-09 13:47:41,311 INFO o.a.j.t.JMeterThread: Thread is done: Thread Group 1-66
2019-12-09 13:47:41,311 INFO o.a.j.t.JMeterThread: Thread finished: Thread Group 1-66
2019-12-09 13:47:41,319 INFO o.a.j.t.JMeterThread: Thread started: Thread Group 1-68
2019-12-09 13:47:41,320 INFO o.a.j.t.JMeterThread: Thread is done: Thread Group 1-67
2019-12-09 13:47:41,320 INFO o.a.j.t.JMeterThread: Thread finished: Thread Group 1-67
2019-12-09 13:47:41,329 INFO o.a.j.t.JMeterThread: Thread started: Thread Group 1-69
2019-12-09 13:47:41,329 INFO o.a.j.t.JMeterThread: Thread is done: Thread Group 1-68
2019-12-09 13:47:41,329 INFO o.a.j.t.JMeterThread: Thread finished: Thread Group 1-68
2019-12-09 13:47:41,338 INFO o.a.j.t.JMeterThread: Thread started: Thread Group 1-70
2019-12-09 13:47:41,339 INFO o.a.j.t.JMeterThread: Thread is done: Thread Group 1-69
2019-12-09 13:47:41,340 INFO o.a.j.t.JMeterThread: Thread finished: Thread Group 1-69
2019-12-09 13:47:41,349 INFO o.a.j.t.JMeterThread: Thread is done: Thread Group 1-70
2019-12-09 13:47:41,349 INFO o.a.j.t.JMeterThread: Thread finished: Thread Group 1-70
2019-12-09 13:47:41,350 INFO o.a.j.t.JMeterThread: Thread started: Thread Group 1-71
2019-12-09 13:47:41,361 INFO o.a.j.t.JMeterThread: Thread is done: Thread Group 1-71
2019-12-09 13:47:41,361 INFO o.a.j.t.JMeterThread: Thread finished: Thread Group 1-71
2019-12-09 13:47:41,362 INFO o.a.j.t.JMeterThread: Thread started: Thread Group 1-72
2019-12-09 13:47:41,373 INFO o.a.j.t.JMeterThread: Thread started: Thread Group 1-73
2019-12-09 13:47:41,377 INFO o.a.j.t.JMeterThread: Thread is done: Thread Group 1-72
2019-12-09 13:47:41,377 INFO o.a.j.t.JMeterThread: Thread finished: Thread Group 1-72
2019-12-09 13:47:41,379 INFO o.a.j.t.JMeterThread: Thread started: Thread Group 1-74
2019-12-09 13:47:41,384 INFO o.a.j.t.JMeterThread: Thread is done: Thread Group 1-73
2019-12-09 13:47:41,385 INFO o.a.j.t.JMeterThread: Thread finished: Thread Group 1-73
2019-12-09 13:47:41,389 INFO o.a.j.t.JMeterThread: Thread is done: Thread Group 1-74
2019-12-09 13:47:41,389 INFO o.a.j.t.JMeterThread: Thread finished: Thread Group 1-74
2019-12-09 13:47:41,391 INFO o.a.j.t.JMeterThread: Thread started: Thread Group 1-75
2019-12-09 13:47:41,398 INFO o.a.j.t.JMeterThread: Thread started: Thread Group 1-76
2019-12-09 13:47:41,402 INFO o.a.j.t.JMeterThread: Thread is done: Thread Group 1-75
2019-12-09 13:47:41,402 INFO o.a.j.t.JMeterThread: Thread finished: Thread Group 1-75
2019-12-09 13:47:41,409 INFO o.a.j.t.JMeterThread: Thread is done: Thread Group 1-76
2019-12-09 13:47:41,409 INFO o.a.j.t.JMeterThread: Thread finished: Thread Group 1-76
2019-12-09 13:47:41,409 INFO o.a.j.t.JMeterThread: Thread started: Thread Group 1-77
2019-12-09 13:47:41,420 INFO o.a.j.t.JMeterThread: Thread started: Thread Group 1-78
2019-12-09 13:47:41,421 INFO o.a.j.t.JMeterThread: Thread is done: Thread Group 1-77
2019-12-09 13:47:41,421 INFO o.a.j.t.JMeterThread: Thread finished: Thread Group 1-77
2019-12-09 13:47:41,431 INFO o.a.j.t.JMeterThread: Thread started: Thread Group 1-79
2019-12-09 13:47:41,432 INFO o.a.j.t.JMeterThread: Thread is done: Thread Group 1-78
2019-12-09 13:47:41,432 INFO o.a.j.t.JMeterThread: Thread finished: Thread Group 1-78
2019-12-09 13:47:41,441 INFO o.a.j.t.JMeterThread: Thread is done: Thread Group 1-79
2019-12-09 13:47:41,442 INFO o.a.j.t.JMeterThread: Thread finished: Thread Group 1-79
2019-12-09 13:47:41,442 INFO o.a.j.t.JMeterThread: Thread started: Thread Group 1-80
2019-12-09 13:47:41,450 INFO o.a.j.t.JMeterThread: Thread started: Thread Group 1-81
2019-12-09 13:47:41,453 INFO o.a.j.t.JMeterThread: Thread is done: Thread Group 1-80
2019-12-09 13:47:41,454 INFO o.a.j.t.JMeterThread: Thread finished: Thread Group 1-80
2019-12-09 13:47:41,461 INFO o.a.j.t.JMeterThread: Thread started: Thread Group 1-82
2019-12-09 13:47:41,461 INFO o.a.j.t.JMeterThread: Thread is done: Thread Group 1-81
2019-12-09 13:47:41,461 INFO o.a.j.t.JMeterThread: Thread finished: Thread Group 1-81
2019-12-09 13:47:41,470 INFO o.a.j.t.JMeterThread: Thread started: Thread Group 1-83
2019-12-09 13:47:41,471 INFO o.a.j.t.JMeterThread: Thread is done: Thread Group 1-82
2019-12-09 13:47:41,471 INFO o.a.j.t.JMeterThread: Thread finished: Thread Group 1-82
2019-12-09 13:47:41,480 INFO o.a.j.t.JMeterThread: Thread started: Thread Group 1-84
2019-12-09 13:47:41,481 INFO o.a.j.t.JMeterThread: Thread is done: Thread Group 1-83
2019-12-09 13:47:41,481 INFO o.a.j.t.JMeterThread: Thread finished: Thread Group 1-83
2019-12-09 13:47:41,490 INFO o.a.j.t.JMeterThread: Thread started: Thread Group 1-85
2019-12-09 13:47:41,491 INFO o.a.j.t.JMeterThread: Thread is done: Thread Group 1-84
2019-12-09 13:47:41,491 INFO o.a.j.t.JMeterThread: Thread finished: Thread Group 1-84
2019-12-09 13:47:41,500 INFO o.a.j.t.JMeterThread: Thread started: Thread Group 1-86
2019-12-09 13:47:41,501 INFO o.a.j.t.JMeterThread: Thread is done: Thread Group 1-85
2019-12-09 13:47:41,501 INFO o.a.j.t.JMeterThread: Thread finished: Thread Group 1-85
2019-12-09 13:47:41,512 INFO o.a.j.t.JMeterThread: Thread started: Thread Group 1-87
2019-12-09 13:47:41,513 INFO o.a.j.t.JMeterThread: Thread is done: Thread Group 1-86
2019-12-09 13:47:41,513 INFO o.a.j.t.JMeterThread: Thread finished: Thread Group 1-86
2019-12-09 13:47:41,518 INFO o.a.j.t.JMeterThread: Thread started: Thread Group 1-88
2019-12-09 13:47:41,523 INFO o.a.j.t.JMeterThread: Thread is done: Thread Group 1-87
2019-12-09 13:47:41,523 INFO o.a.j.t.JMeterThread: Thread finished: Thread Group 1-87
2019-12-09 13:47:41,529 INFO o.a.j.t.JMeterThread: Thread is done: Thread Group 1-88
2019-12-09 13:47:41,529 INFO o.a.j.t.JMeterThread: Thread finished: Thread Group 1-88
2019-12-09 13:47:41,529 INFO o.a.j.t.JMeterThread: Thread started: Thread Group 1-89
2019-12-09 13:47:41,541 INFO o.a.j.t.JMeterThread: Thread started: Thread Group 1-90
2019-12-09 13:47:41,541 INFO o.a.j.t.JMeterThread: Thread is done: Thread Group 1-89
2019-12-09 13:47:41,542 INFO o.a.j.t.JMeterThread: Thread finished: Thread Group 1-89
2019-12-09 13:47:41,549 INFO o.a.j.t.JMeterThread: Thread started: Thread Group 1-91
2019-12-09 13:47:41,551 INFO o.a.j.t.JMeterThread: Thread is done: Thread Group 1-90
2019-12-09 13:47:41,552 INFO o.a.j.t.JMeterThread: Thread finished: Thread Group 1-90
2019-12-09 13:47:41,559 INFO o.a.j.t.JMeterThread: Thread is done: Thread Group 1-91
2019-12-09 13:47:41,559 INFO o.a.j.t.JMeterThread: Thread finished: Thread Group 1-91
2019-12-09 13:47:41,560 INFO o.a.j.t.JMeterThread: Thread started: Thread Group 1-92
2019-12-09 13:47:41,570 INFO o.a.j.t.JMeterThread: Thread is done: Thread Group 1-92
2019-12-09 13:47:41,570 INFO o.a.j.t.JMeterThread: Thread finished: Thread Group 1-92
2019-12-09 13:47:41,570 INFO o.a.j.t.JMeterThread: Thread started: Thread Group 1-93
2019-12-09 13:47:41,580 INFO o.a.j.t.JMeterThread: Thread is done: Thread Group 1-93
2019-12-09 13:47:41,581 INFO o.a.j.t.JMeterThread: Thread finished: Thread Group 1-93
2019-12-09 13:47:41,581 INFO o.a.j.t.JMeterThread: Thread started: Thread Group 1-94
2019-12-09 13:47:41,590 INFO o.a.j.t.JMeterThread: Thread is done: Thread Group 1-94
2019-12-09 13:47:41,591 INFO o.a.j.t.JMeterThread: Thread finished: Thread Group 1-94
2019-12-09 13:47:41,591 INFO o.a.j.t.JMeterThread: Thread started: Thread Group 1-95
2019-12-09 13:47:41,600 INFO o.a.j.t.JMeterThread: Thread started: Thread Group 1-96
2019-12-09 13:47:41,600 INFO o.a.j.t.JMeterThread: Thread is done: Thread Group 1-95
2019-12-09 13:47:41,600 INFO o.a.j.t.JMeterThread: Thread finished: Thread Group 1-95
2019-12-09 13:47:41,610 INFO o.a.j.t.JMeterThread: Thread is done: Thread Group 1-96
2019-12-09 13:47:41,610 INFO o.a.j.t.JMeterThread: Thread finished: Thread Group 1-96
2019-12-09 13:47:41,611 INFO o.a.j.t.JMeterThread: Thread started: Thread Group 1-97
2019-12-09 13:47:41,620 INFO o.a.j.t.JMeterThread: Thread started: Thread Group 1-98
2019-12-09 13:47:41,622 INFO o.a.j.t.JMeterThread: Thread is done: Thread Group 1-97
2019-12-09 13:47:41,622 INFO o.a.j.t.JMeterThread: Thread finished: Thread Group 1-97
2019-12-09 13:47:41,629 INFO o.a.j.t.JMeterThread: Thread started: Thread Group 1-99
2019-12-09 13:47:41,631 INFO o.a.j.t.JMeterThread: Thread is done: Thread Group 1-98
2019-12-09 13:47:41,631 INFO o.a.j.t.JMeterThread: Thread finished: Thread Group 1-98
2019-12-09 13:47:41,639 INFO o.a.j.t.JMeterThread: Thread is done: Thread Group 1-99
2019-12-09 13:47:41,639 INFO o.a.j.t.JMeterThread: Thread finished: Thread Group 1-99
2019-12-09 13:47:41,639 INFO o.a.j.t.JMeterThread: Thread started: Thread Group 1-100
2019-12-09 13:47:41,649 INFO o.a.j.t.JMeterThread: Thread is done: Thread Group 1-100
2019-12-09 13:47:41,649 INFO o.a.j.t.JMeterThread: Thread finished: Thread Group 1-100
2019-12-09 13:47:41,650 INFO o.a.j.e.StandardJMeterEngine: Notifying test listeners of end of test
2019-12-09 13:47:41,650 INFO o.a.j.r.Summariser: summary =    200 in 00:00:01 =  192.3/s Avg:    36 Min:     3 Max:   318 Err:     0 (0.00%)
